app/build/intermediates/manifest_merge_blame_file/debug/manifest-merger-blame-debug-report.txt
1<?xml version="1.0" encoding="utf-8"?>
2<manifest xmlns:android="http://schemas.android.com/apk/res/android"
3    package="curso.carlos.mystore"
4    android:versionCode="1"
5    android:versionName="1.0" >
6
7    <uses-sdk
8        android:minSdkVersion="21"
8-->src\main\AndroidManifest.xml
9        android:targetSdkVersion="28" />
9-->src\main\AndroidManifest.xml
10
11    <uses-permission android:name="android.permission.INTERNET" />
11-->src\main\AndroidManifest.xml:5:5-67
11-->src\main\AndroidManifest.xml:5:22-64
12
13    <application
13-->src\main\AndroidManifest.xml:7:5-28:19
14        android:allowBackup="true"
14-->src\main\AndroidManifest.xml:8:9-35
15        android:appComponentFactory="androidx.core.app.CoreComponentFactory"
15-->[androidx.core:core:1.0.2] AndroidManifest.xml:22:18-86
16        android:debuggable="true"
17        android:icon="@mipmap/ic_launcher"
17-->src\main\AndroidManifest.xml:9:9-43
18        android:label="@string/app_name"
18-->src\main\AndroidManifest.xml:10:9-41
19        android:roundIcon="@mipmap/ic_launcher_round"
19-->src\main\AndroidManifest.xml:11:9-54
20        android:supportsRtl="true"
20-->src\main\AndroidManifest.xml:12:9-35
21        android:testOnly="true"
22        android:theme="@style/AppTheme" >
22-->src\main\AndroidManifest.xml:13:9-40
23        <activity
23-->src\main\AndroidManifest.xml:14:9-16:61
24            android:name="curso.carlos.mystore.gateway.RegisterActivity"
24-->src\main\AndroidManifest.xml:15:13-53
25            android:label="@string/title_activity_signup" />
25-->src\main\AndroidManifest.xml:16:13-58
26        <activity
26-->src\main\AndroidManifest.xml:17:9-19:60
27            android:name="curso.carlos.mystore.gateway.LoginActivity"
27-->src\main\AndroidManifest.xml:18:13-50
28            android:label="@string/title_activity_login" />
28-->src\main\AndroidManifest.xml:19:13-57
29        <activity android:name="curso.carlos.mystore.MainActivity" >
29-->src\main\AndroidManifest.xml:20:9-27:20
29-->src\main\AndroidManifest.xml:20:19-47
30            <intent-filter>
30-->src\main\AndroidManifest.xml:21:13-26:29
31                <action android:name="android.intent.action.MAIN" />
31-->src\main\AndroidManifest.xml:22:17-69
31-->src\main\AndroidManifest.xml:22:25-66
32                <action android:name="android.intent.action.VIEW" />
32-->src\main\AndroidManifest.xml:23:17-69
32-->src\main\AndroidManifest.xml:23:25-66
33
34                <category android:name="android.intent.category.LAUNCHER" />
34-->src\main\AndroidManifest.xml:25:17-77
34-->src\main\AndroidManifest.xml:25:27-74
35            </intent-filter>
36        </activity>
37        <activity
37-->[com.google.firebase:firebase-auth:16.0.5] AndroidManifest.xml:24:9-31:50
38            android:name="com.google.firebase.auth.internal.FederatedSignInActivity"
38-->[com.google.firebase:firebase-auth:16.0.5] AndroidManifest.xml:25:13-85
39            android:excludeFromRecents="true"
39-->[com.google.firebase:firebase-auth:16.0.5] AndroidManifest.xml:26:13-46
40            android:exported="true"
40-->[com.google.firebase:firebase-auth:16.0.5] AndroidManifest.xml:27:13-36
41            android:launchMode="singleTask"
41-->[com.google.firebase:firebase-auth:16.0.5] AndroidManifest.xml:28:13-44
42            android:permission="com.google.firebase.auth.api.gms.permission.LAUNCH_FEDERATED_SIGN_IN"
42-->[com.google.firebase:firebase-auth:16.0.5] AndroidManifest.xml:29:13-102
43            android:theme="@android:style/Theme.Translucent.NoTitleBar" />
43-->[com.google.firebase:firebase-auth:16.0.5] AndroidManifest.xml:30:13-72
44
45        <service
45-->[com.google.firebase:firebase-auth:16.0.5] AndroidManifest.xml:33:9-39:19
46            android:name="com.google.firebase.components.ComponentDiscoveryService"
46-->[com.google.firebase:firebase-auth:16.0.5] AndroidManifest.xml:34:13-84
47            android:exported="false" >
47-->[com.google.firebase:firebase-auth:16.0.5] AndroidManifest.xml:35:13-37
48            <meta-data
48-->[com.google.firebase:firebase-auth:16.0.5] AndroidManifest.xml:36:13-38:85
49                android:name="com.google.firebase.components:com.google.firebase.auth.FirebaseAuthRegistrar"
49-->[com.google.firebase:firebase-auth:16.0.5] AndroidManifest.xml:37:17-109
50                android:value="com.google.firebase.components.ComponentRegistrar" />
50-->[com.google.firebase:firebase-auth:16.0.5] AndroidManifest.xml:38:17-82
51        </service>
52
53        <provider
53-->[com.squareup.picasso:picasso:2.71828] AndroidManifest.xml:8:9-11:40
54            android:name="com.squareup.picasso.PicassoProvider"
54-->[com.squareup.picasso:picasso:2.71828] AndroidManifest.xml:9:13-64
55            android:authorities="curso.carlos.mystore.com.squareup.picasso"
55-->[com.squareup.picasso:picasso:2.71828] AndroidManifest.xml:10:13-72
56            android:exported="false" />
56-->[com.squareup.picasso:picasso:2.71828] AndroidManifest.xml:11:13-37
57
58        <activity
58-->[com.google.android.gms:play-services-base:16.0.1] AndroidManifest.xml:23:9-26:75
59            android:name="com.google.android.gms.common.api.GoogleApiActivity"
59-->[com.google.android.gms:play-services-base:16.0.1] AndroidManifest.xml:24:13-79
60            android:exported="false"
60-->[com.google.android.gms:play-services-base:16.0.1] AndroidManifest.xml:25:13-37
61            android:theme="@android:style/Theme.Translucent.NoTitleBar" />
61-->[com.google.android.gms:play-services-base:16.0.1] AndroidManifest.xml:26:13-72
62
63        <provider
63-->[com.google.firebase:firebase-common:16.0.3] AndroidManifest.xml:10:9-14:39
64            android:name="com.google.firebase.provider.FirebaseInitProvider"
64-->[com.google.firebase:firebase-common:16.0.3] AndroidManifest.xml:11:13-77
65            android:authorities="curso.carlos.mystore.firebaseinitprovider"
65-->[com.google.firebase:firebase-common:16.0.3] AndroidManifest.xml:12:13-72
66            android:exported="false"
66-->[com.google.firebase:firebase-common:16.0.3] AndroidManifest.xml:13:13-37
67            android:initOrder="100" />
67-->[com.google.firebase:firebase-common:16.0.3] AndroidManifest.xml:14:13-36
68
69        <meta-data
69-->[com.google.android.gms:play-services-basement:16.1.0] AndroidManifest.xml:23:9-25:69
70            android:name="com.google.android.gms.version"
70-->[com.google.android.gms:play-services-basement:16.1.0] AndroidManifest.xml:24:13-58
71            android:value="@integer/google_play_services_version" />
71-->[com.google.android.gms:play-services-basement:16.1.0] AndroidManifest.xml:25:13-66
72
73        <provider
73-->[androidx.lifecycle:lifecycle-process:2.0.0] AndroidManifest.xml:23:9-27:43
74            android:name="androidx.lifecycle.ProcessLifecycleOwnerInitializer"
74-->[androidx.lifecycle:lifecycle-process:2.0.0] AndroidManifest.xml:24:13-79
75            android:authorities="curso.carlos.mystore.lifecycle-process"
75-->[androidx.lifecycle:lifecycle-process:2.0.0] AndroidManifest.xml:25:13-69
76            android:exported="false"
76-->[androidx.lifecycle:lifecycle-process:2.0.0] AndroidManifest.xml:26:13-37
77            android:multiprocess="true" />
77-->[androidx.lifecycle:lifecycle-process:2.0.0] AndroidManifest.xml:27:13-40
78    </application>
79
80</manifest>